Copyright 1986-2022 Xilinx, Inc. All Rights Reserved. Copyright 2022-2023 Advanced Micro Devices, Inc. All Rights Reserved.
---------------------------------------------------------------------------------------------------------------------------------------------
| Tool Version : Vivado v.2023.2 (win64) Build 4029153 Fri Oct 13 20:14:34 MDT 2023
| Date         : Mon May  6 16:26:57 2024
| Host         : Manue7 running 64-bit major release  (build 9200)
| Command      : report_control_sets -verbose -file alien_top_st_control_sets_placed.rpt
| Design       : alien_top_st
| Device       : xc7a100t
---------------------------------------------------------------------------------------------------------------------------------------------

Control Set Information

Table of Contents
-----------------
1. Summary
2. Histogram
3. Flip-Flop Distribution
4. Detailed Control Set Information

1. Summary
----------

+----------------------------------------------------------+-------+
|                          Status                          | Count |
+----------------------------------------------------------+-------+
| Total control sets                                       |     9 |
|    Minimum number of control sets                        |     9 |
|    Addition due to synthesis replication                 |     0 |
|    Addition due to physical synthesis replication        |     0 |
| Unused register locations in slices containing registers |    51 |
+----------------------------------------------------------+-------+
* Control sets can be merged at opt_design using control_set_merge or merge_equivalent_drivers
** Run report_qor_suggestions for automated merging and remapping suggestions


2. Histogram
------------

+--------------------+-------+
|       Fanout       | Count |
+--------------------+-------+
| Total control sets |     9 |
| >= 0 to < 4        |     1 |
| >= 4 to < 6        |     0 |
| >= 6 to < 8        |     0 |
| >= 8 to < 10       |     0 |
| >= 10 to < 12      |     6 |
| >= 12 to < 14      |     0 |
| >= 14 to < 16      |     0 |
| >= 16              |     2 |
+--------------------+-------+
* Control sets can be remapped at either synth_design or opt_design


3. Flip-Flop Distribution
-------------------------

+--------------+-----------------------+------------------------+-----------------+--------------+
| Clock Enable | Synchronous Set/Reset | Asynchronous Set/Reset | Total Registers | Total Slices |
+--------------+-----------------------+------------------------+-----------------+--------------+
| No           | No                    | No                     |               0 |            0 |
| No           | No                    | Yes                    |              50 |           21 |
| No           | Yes                   | No                     |               0 |            0 |
| Yes          | No                    | No                     |               3 |            2 |
| Yes          | No                    | Yes                    |             200 |           71 |
| Yes          | Yes                   | No                     |               0 |            0 |
+--------------+-----------------------+------------------------+-----------------+--------------+


4. Detailed Control Set Information
-----------------------------------

+----------------+-----------------------------------------+------------------+------------------+----------------+--------------+
|  Clock Signal  |              Enable Signal              | Set/Reset Signal | Slice Load Count | Bel Load Count | Bels / Slice |
+----------------+-----------------------------------------+------------------+------------------+----------------+--------------+
|  clk_IBUF_BUFG | vga_sync_unit/clk_div_reg_reg[0]_0[0]   |                  |                2 |              3 |         1.50 |
|  clk_IBUF_BUFG | alien_graph_st_unit/ship_x_next         | reset_IBUF       |                4 |             10 |         2.50 |
|  clk_IBUF_BUFG | alien_graph_st_unit/ship_y_next         | reset_IBUF       |                4 |             10 |         2.50 |
|  clk_IBUF_BUFG | alien_graph_st_unit/missile_ball_x_next | reset_IBUF       |                7 |             10 |         1.43 |
|  clk_IBUF_BUFG | vga_sync_unit/v_cnt_reg0                | reset_IBUF       |                4 |             10 |         2.50 |
|  clk_IBUF_BUFG | vga_sync_unit/E[0]                      | reset_IBUF       |                5 |             10 |         2.00 |
|  clk_IBUF_BUFG | vga_sync_unit/clk_div_reg_reg[0]_0[0]   | reset_IBUF       |                5 |             10 |         2.00 |
|  clk_IBUF_BUFG |                                         | reset_IBUF       |               21 |             50 |         2.38 |
|  clk_IBUF_BUFG | vga_sync_unit/refr_tick                 | reset_IBUF       |               42 |            140 |         3.33 |
+----------------+-----------------------------------------+------------------+------------------+----------------+--------------+


