
*** Running vivado
    with args -log alien_top_st.vds -m64 -product Vivado -mode batch -messageDb vivado.pb -notrace -source alien_top_st.tcl


ECHO is off.
ECHO is off.

****** Vivado v2023.2 (64-bit)
  **** SW Build 4029153 on Fri Oct 13 20:14:34 MDT 2023
  **** IP Build 4028589 on Sat Oct 14 00:45:43 MDT 2023
  **** SharedData Build 4025554 on Tue Oct 10 17:18:54 MDT 2023
    ** Copyright 1986-2022 Xilinx, Inc. All Rights Reserved.
    ** Copyright 2022-2023 Advanced Micro Devices, Inc. All Rights Reserved.

source alien_top_st.tcl -notrace
create_project: Time (s): cpu = 00:00:10 ; elapsed = 00:00:11 . Memory (MB): peak = 461.496 ; gain = 186.094
Command: read_checkpoint -auto_incremental -incremental {C:/Users/Mokua Manuel/OneDrive/Desktop/Final_Project_AdvDigSys/Vivado/finalProject/finalProject.srcs/utils_1/imports/synth_1/alien_top_st.dcp}
INFO: [Vivado 12-5825] Read reference checkpoint from C:/Users/Mokua Manuel/OneDrive/Desktop/Final_Project_AdvDigSys/Vivado/finalProject/finalProject.srcs/utils_1/imports/synth_1/alien_top_st.dcp for incremental synthesis
INFO: [Vivado 12-7989] Please ensure there are no constraint changes
Command: synth_design -top alien_top_st -part xc7a100tcsg324-1
Starting synth_design
Attempting to get a license for feature 'Synthesis' and/or device 'xc7a100t'
INFO: [Common 17-349] Got license for feature 'Synthesis' and/or device 'xc7a100t'
INFO: [Device 21-403] Loading part xc7a100tcsg324-1
INFO: [Designutils 20-5440] No compile time benefit to using incremental synthesis; A full resynthesis will be run
INFO: [Designutils 20-4379] Flow is switching to default flow due to incremental criteria not met. If you would like to alter this behaviour and have the flow terminate instead, please set the following parameter config_implementation {autoIncr.Synth.RejectBehavior Terminate}
INFO: [Synth 8-7079] Multithreading enabled for synth_design using a maximum of 2 processes.
INFO: [Synth 8-7078] Launching helper process for spawning children vivado processes
INFO: [Synth 8-7075] Helper process launched with PID 6372
---------------------------------------------------------------------------------
Starting RTL Elaboration : Time (s): cpu = 00:00:12 ; elapsed = 00:00:12 . Memory (MB): peak = 1314.453 ; gain = 441.824
---------------------------------------------------------------------------------
INFO: [Synth 8-638] synthesizing module 'alien_top_st' [C:/Users/Mokua Manuel/OneDrive/Desktop/Final_Project_AdvDigSys/Vivado/finalProject/finalProject.srcs/sources_1/imports/VHDL/alien_top_st.vhd:16]
INFO: [Synth 8-638] synthesizing module 'vga_sync' [C:/Users/Mokua Manuel/OneDrive/Desktop/Final_Project_AdvDigSys/Vivado/finalProject/finalProject.srcs/sources_1/imports/VHDL/vga_sync.vhd:14]
INFO: [Synth 8-256] done synthesizing module 'vga_sync' (0#1) [C:/Users/Mokua Manuel/OneDrive/Desktop/Final_Project_AdvDigSys/Vivado/finalProject/finalProject.srcs/sources_1/imports/VHDL/vga_sync.vhd:14]
INFO: [Synth 8-638] synthesizing module 'alien_graph_st' [C:/Users/Mokua Manuel/OneDrive/Desktop/Final_Project_AdvDigSys/Vivado/finalProject/finalProject.srcs/sources_1/imports/VHDL/alien_graph_st.vhd:18]
WARNING: [Synth 8-614] signal 'bar_x_l' is read in the process but is not in the sensitivity list [C:/Users/Mokua Manuel/OneDrive/Desktop/Final_Project_AdvDigSys/Vivado/finalProject/finalProject.srcs/sources_1/imports/VHDL/alien_graph_st.vhd:459]
WARNING: [Synth 8-614] signal 'bar_x_r' is read in the process but is not in the sensitivity list [C:/Users/Mokua Manuel/OneDrive/Desktop/Final_Project_AdvDigSys/Vivado/finalProject/finalProject.srcs/sources_1/imports/VHDL/alien_graph_st.vhd:459]
WARNING: [Synth 8-614] signal 'bar_x_l' is read in the process but is not in the sensitivity list [C:/Users/Mokua Manuel/OneDrive/Desktop/Final_Project_AdvDigSys/Vivado/finalProject/finalProject.srcs/sources_1/imports/VHDL/alien_graph_st.vhd:529]
WARNING: [Synth 8-614] signal 'bar_x_r' is read in the process but is not in the sensitivity list [C:/Users/Mokua Manuel/OneDrive/Desktop/Final_Project_AdvDigSys/Vivado/finalProject/finalProject.srcs/sources_1/imports/VHDL/alien_graph_st.vhd:529]
INFO: [Synth 8-256] done synthesizing module 'alien_graph_st' (0#1) [C:/Users/Mokua Manuel/OneDrive/Desktop/Final_Project_AdvDigSys/Vivado/finalProject/finalProject.srcs/sources_1/imports/VHDL/alien_graph_st.vhd:18]
INFO: [Synth 8-256] done synthesizing module 'alien_top_st' (0#1) [C:/Users/Mokua Manuel/OneDrive/Desktop/Final_Project_AdvDigSys/Vivado/finalProject/finalProject.srcs/sources_1/imports/VHDL/alien_top_st.vhd:16]
---------------------------------------------------------------------------------
Finished RTL Elaboration : Time (s): cpu = 00:00:15 ; elapsed = 00:00:16 . Memory (MB): peak = 1426.238 ; gain = 553.609
---------------------------------------------------------------------------------
---------------------------------------------------------------------------------
Start Handling Custom Attributes
---------------------------------------------------------------------------------
---------------------------------------------------------------------------------
Finished Handling Custom Attributes : Time (s): cpu = 00:00:16 ; elapsed = 00:00:16 . Memory (MB): peak = 1426.238 ; gain = 553.609
---------------------------------------------------------------------------------
---------------------------------------------------------------------------------
Finished RTL Optimization Phase 1 : Time (s): cpu = 00:00:16 ; elapsed = 00:00:16 . Memory (MB): peak = 1426.238 ; gain = 553.609
---------------------------------------------------------------------------------
Netlist sorting complete. Time (s): cpu = 00:00:00 ; elapsed = 00:00:00.011 . Memory (MB): peak = 1426.238 ; gain = 0.000
INFO: [Project 1-570] Preparing netlist for logic optimization

Processing XDC Constraints
Initializing timing engine
Parsing XDC File [C:/Users/Mokua Manuel/OneDrive/Desktop/Final_Project_AdvDigSys/Vivado/finalProject/finalProject.srcs/constrs_1/imports/VHDL/Nexys-A7-100T-Master2.xdc]
Finished Parsing XDC File [C:/Users/Mokua Manuel/OneDrive/Desktop/Final_Project_AdvDigSys/Vivado/finalProject/finalProject.srcs/constrs_1/imports/VHDL/Nexys-A7-100T-Master2.xdc]
INFO: [Project 1-236] Implementation specific constraints were found while reading constraint file [C:/Users/Mokua Manuel/OneDrive/Desktop/Final_Project_AdvDigSys/Vivado/finalProject/finalProject.srcs/constrs_1/imports/VHDL/Nexys-A7-100T-Master2.xdc]. These constraints will be ignored for synthesis but will be used in implementation. Impacted constraints are listed in the file [.Xil/alien_top_st_propImpl.xdc].
Resolution: To avoid this warning, move constraints listed in [.Xil/alien_top_st_propImpl.xdc] to another XDC file and exclude this new file from synthesis with the used_in_synthesis property (File Properties dialog in GUI) and re-run elaboration/synthesis.
Completed Processing XDC Constraints

Netlist sorting complete. Time (s): cpu = 00:00:00 ; elapsed = 00:00:00 . Memory (MB): peak = 1531.324 ; gain = 0.000
INFO: [Project 1-111] Unisim Transformation Summary:
No Unisim elements were transformed.

Access is denied.
Constraint Validation Runtime : Time (s): cpu = 00:00:00 ; elapsed = 00:00:00.156 . Memory (MB): peak = 1531.324 ; gain = 0.000
INFO: [Designutils 20-5440] No compile time benefit to using incremental synthesis; A full resynthesis will be run
INFO: [Designutils 20-4379] Flow is switching to default flow due to incremental criteria not met. If you would like to alter this behaviour and have the flow terminate instead, please set the following parameter config_implementation {autoIncr.Synth.RejectBehavior Terminate}
---------------------------------------------------------------------------------
Finished Constraint Validation : Time (s): cpu = 00:00:32 ; elapsed = 00:00:35 . Memory (MB): peak = 1531.324 ; gain = 658.695
---------------------------------------------------------------------------------
---------------------------------------------------------------------------------
Start Loading Part and Timing Information
---------------------------------------------------------------------------------
Loading part: xc7a100tcsg324-1
---------------------------------------------------------------------------------
Finished Loading Part and Timing Information : Time (s): cpu = 00:00:32 ; elapsed = 00:00:35 . Memory (MB): peak = 1531.324 ; gain = 658.695
---------------------------------------------------------------------------------
---------------------------------------------------------------------------------
Start Applying 'set_property' XDC Constraints
---------------------------------------------------------------------------------
---------------------------------------------------------------------------------
Finished applying 'set_property' XDC Constraints : Time (s): cpu = 00:00:32 ; elapsed = 00:00:35 . Memory (MB): peak = 1531.324 ; gain = 658.695
---------------------------------------------------------------------------------
---------------------------------------------------------------------------------
Finished RTL Optimization Phase 2 : Time (s): cpu = 00:00:33 ; elapsed = 00:00:36 . Memory (MB): peak = 1531.324 ; gain = 658.695
---------------------------------------------------------------------------------
---------------------------------------------------------------------------------
Start RTL Component Statistics 
---------------------------------------------------------------------------------
Detailed RTL Component Info : 
+---Adders : 
	   2 Input   10 Bit       Adders := 26    
	   3 Input    3 Bit       Adders := 10    
	   2 Input    2 Bit       Adders := 1     
+---XORs : 
	   2 Input      1 Bit         XORs := 1     
+---Registers : 
	               10 Bit    Registers := 24    
	                3 Bit    Registers := 1     
	                2 Bit    Registers := 1     
	                1 Bit    Registers := 6     
+---Muxes : 
	   8 Input   16 Bit        Muxes := 2     
	   2 Input   10 Bit        Muxes := 12    
	   8 Input    8 Bit        Muxes := 3     
	   2 Input    4 Bit        Muxes := 2     
	   9 Input    3 Bit        Muxes := 1     
	   2 Input    1 Bit        Muxes := 13    
---------------------------------------------------------------------------------
Finished RTL Component Statistics 
---------------------------------------------------------------------------------
---------------------------------------------------------------------------------
Start Part Resource Summary
---------------------------------------------------------------------------------
Part Resources:
DSPs: 240 (col length:80)
BRAMs: 270 (col length: RAMB18 80 RAMB36 40)
---------------------------------------------------------------------------------
Finished Part Resource Summary
---------------------------------------------------------------------------------
---------------------------------------------------------------------------------
Start Cross Boundary and Area Optimization
---------------------------------------------------------------------------------
WARNING: [Synth 8-7080] Parallel synthesis criteria is not met
---------------------------------------------------------------------------------
Finished Cross Boundary and Area Optimization : Time (s): cpu = 00:00:45 ; elapsed = 00:00:49 . Memory (MB): peak = 1531.324 ; gain = 658.695
---------------------------------------------------------------------------------
---------------------------------------------------------------------------------
Start Applying XDC Timing Constraints
---------------------------------------------------------------------------------
---------------------------------------------------------------------------------
Finished Applying XDC Timing Constraints : Time (s): cpu = 00:00:54 ; elapsed = 00:00:59 . Memory (MB): peak = 1531.324 ; gain = 658.695
---------------------------------------------------------------------------------
---------------------------------------------------------------------------------
Start Timing Optimization
---------------------------------------------------------------------------------
---------------------------------------------------------------------------------
Finished Timing Optimization : Time (s): cpu = 00:01:04 ; elapsed = 00:01:09 . Memory (MB): peak = 1540.793 ; gain = 668.164
---------------------------------------------------------------------------------
---------------------------------------------------------------------------------
Start Technology Mapping
---------------------------------------------------------------------------------
---------------------------------------------------------------------------------
Finished Technology Mapping : Time (s): cpu = 00:01:05 ; elapsed = 00:01:10 . Memory (MB): peak = 1549.824 ; gain = 677.195
---------------------------------------------------------------------------------
---------------------------------------------------------------------------------
Start IO Insertion
---------------------------------------------------------------------------------
---------------------------------------------------------------------------------
Start Flattening Before IO Insertion
---------------------------------------------------------------------------------
---------------------------------------------------------------------------------
Finished Flattening Before IO Insertion
---------------------------------------------------------------------------------
---------------------------------------------------------------------------------
Start Final Netlist Cleanup
---------------------------------------------------------------------------------
---------------------------------------------------------------------------------
Finished Final Netlist Cleanup
---------------------------------------------------------------------------------
---------------------------------------------------------------------------------
Finished IO Insertion : Time (s): cpu = 00:01:13 ; elapsed = 00:01:19 . Memory (MB): peak = 1553.660 ; gain = 681.031
---------------------------------------------------------------------------------
---------------------------------------------------------------------------------
Start Renaming Generated Instances
---------------------------------------------------------------------------------
---------------------------------------------------------------------------------
Finished Renaming Generated Instances : Time (s): cpu = 00:01:13 ; elapsed = 00:01:19 . Memory (MB): peak = 1553.660 ; gain = 681.031
---------------------------------------------------------------------------------
---------------------------------------------------------------------------------
Start Rebuilding User Hierarchy
---------------------------------------------------------------------------------
---------------------------------------------------------------------------------
Finished Rebuilding User Hierarchy : Time (s): cpu = 00:01:14 ; elapsed = 00:01:19 . Memory (MB): peak = 1553.660 ; gain = 681.031
---------------------------------------------------------------------------------
---------------------------------------------------------------------------------
Start Renaming Generated Ports
---------------------------------------------------------------------------------
---------------------------------------------------------------------------------
Finished Renaming Generated Ports : Time (s): cpu = 00:01:14 ; elapsed = 00:01:19 . Memory (MB): peak = 1553.660 ; gain = 681.031
---------------------------------------------------------------------------------
---------------------------------------------------------------------------------
Start Handling Custom Attributes
---------------------------------------------------------------------------------
---------------------------------------------------------------------------------
Finished Handling Custom Attributes : Time (s): cpu = 00:01:14 ; elapsed = 00:01:19 . Memory (MB): peak = 1553.660 ; gain = 681.031
---------------------------------------------------------------------------------
---------------------------------------------------------------------------------
Start Renaming Generated Nets
---------------------------------------------------------------------------------
---------------------------------------------------------------------------------
Finished Renaming Generated Nets : Time (s): cpu = 00:01:14 ; elapsed = 00:01:19 . Memory (MB): peak = 1553.660 ; gain = 681.031
---------------------------------------------------------------------------------
---------------------------------------------------------------------------------
Start Writing Synthesis Report
---------------------------------------------------------------------------------

Report BlackBoxes: 
+-+--------------+----------+
| |BlackBox name |Instances |
+-+--------------+----------+
+-+--------------+----------+

Report Cell Usage: 
+------+-------+------+
|      |Cell   |Count |
+------+-------+------+
|1     |BUFG   |     1|
|2     |CARRY4 |   111|
|3     |LUT1   |    11|
|4     |LUT2   |   158|
|5     |LUT3   |    50|
|6     |LUT4   |   252|
|7     |LUT5   |    78|
|8     |LUT6   |   174|
|9     |FDCE   |   158|
|10    |FDPE   |    10|
|11    |FDRE   |     3|
|12    |IBUF   |     6|
|13    |OBUF   |     8|
+------+-------+------+
---------------------------------------------------------------------------------
Finished Writing Synthesis Report : Time (s): cpu = 00:01:14 ; elapsed = 00:01:19 . Memory (MB): peak = 1553.660 ; gain = 681.031
---------------------------------------------------------------------------------
Synthesis finished with 0 errors, 0 critical warnings and 1 warnings.
Synthesis Optimization Runtime : Time (s): cpu = 00:00:54 ; elapsed = 00:01:13 . Memory (MB): peak = 1553.660 ; gain = 575.945
Synthesis Optimization Complete : Time (s): cpu = 00:01:14 ; elapsed = 00:01:19 . Memory (MB): peak = 1553.660 ; gain = 681.031
INFO: [Project 1-571] Translating synthesized netlist
Netlist sorting complete. Time (s): cpu = 00:00:00 ; elapsed = 00:00:00.025 . Memory (MB): peak = 1565.711 ; gain = 0.000
INFO: [Netlist 29-17] Analyzing 111 Unisim elements for replacement
INFO: [Netlist 29-28] Unisim Transformation completed in 0 CPU seconds
INFO: [Project 1-570] Preparing netlist for logic optimization
INFO: [Opt 31-138] Pushed 0 inverter(s) to 0 load pin(s).
Netlist sorting complete. Time (s): cpu = 00:00:00 ; elapsed = 00:00:00 . Memory (MB): peak = 1572.375 ; gain = 0.000
INFO: [Project 1-111] Unisim Transformation Summary:
No Unisim elements were transformed.

Access is denied.
Synth Design complete | Checksum: 2014361c
INFO: [Common 17-83] Releasing license: Synthesis
27 Infos, 5 Warnings, 0 Critical Warnings and 0 Errors encountered.
synth_design completed successfully
synth_design: Time (s): cpu = 00:01:23 ; elapsed = 00:01:32 . Memory (MB): peak = 1572.375 ; gain = 1107.949
Write ShapeDB Complete: Time (s): cpu = 00:00:00 ; elapsed = 00:00:00.010 . Memory (MB): peak = 1572.375 ; gain = 0.000
INFO: [Common 17-1381] The checkpoint 'C:/Users/Mokua Manuel/OneDrive/Desktop/Final_Project_AdvDigSys/Vivado/finalProject/finalProject.runs/synth_1/alien_top_st.dcp' has been generated.
INFO: [runtcl-4] Executing : report_utilization -file alien_top_st_utilization_synth.rpt -pb alien_top_st_utilization_synth.pb
INFO: [Common 17-206] Exiting Vivado at Mon Apr 15 13:00:11 2024...
